<?xml version="1.0" encoding="UTF-8"?>
<!-- Generated by org.testng.reporters.JUnitXMLReporter -->
<testsuite hostname="Khanjadas-MBP.nyc.rr.com" ignored="0" name="Default test" tests="21" failures="0" timestamp="2021-07-27T19:25:01 EDT" time="42.451" errors="0">
  <testcase name="openurl" time="5.459" classname="homeWork.XpathCssTestAssert"/>
  <testcase name="signin" time="5.796" classname="homeWork.XpathCssTestAssert"/>
  <testcase name="enteremail" time="0.191" classname="homeWork.XpathCssTestAssert"/>
  <testcase name="clicksubmit" time="0.081" classname="homeWork.XpathCssTestAssert"/>
  <testcase name="personalinfo" time="4.115" classname="homeWork.XpathCssTestAssert"/>
  <testcase name="selectRadio" time="0.054" classname="homeWork.XpathCssTestAssert"/>
  <testcase name="enterFirstName" time="0.085" classname="homeWork.XpathCssTestAssert"/>
  <testcase name="enterLastName" time="0.079" classname="homeWork.XpathCssTestAssert"/>
  <testcase name="enterPass" time="0.072" classname="homeWork.XpathCssTestAssert"/>
  <testcase name="selectdays" time="20.556" classname="homeWork.XpathCssTestAssert"/>
  <testcase name="checkNewsLetter" time="0.29" classname="homeWork.XpathCssTestAssert"/>
  <testcase name="checkReceiveSpecial" time="0.062" classname="homeWork.XpathCssTestAssert"/>
  <testcase name="company" time="0.092" classname="homeWork.XpathCssTestAssert"/>
  <testcase name="address" time="0.131" classname="homeWork.XpathCssTestAssert"/>
  <testcase name="city" time="0.084" classname="homeWork.XpathCssTestAssert"/>
  <testcase name="state" time="0.679" classname="homeWork.XpathCssTestAssert"/>
  <testcase name="zipcode" time="0.341" classname="homeWork.XpathCssTestAssert"/>
  <testcase name="country" time="0.141" classname="homeWork.XpathCssTestAssert"/>
  <testcase name="additionalInfo" time="0.338" classname="homeWork.XpathCssTestAssert"/>
  <testcase name="mobilephone" time="0.145" classname="homeWork.XpathCssTestAssert"/>
  <testcase name="assignAddAlias" time="0.141" classname="homeWork.XpathCssTestAssert"/>
</testsuite> <!-- Default test -->
