<?xml version="1.0" encoding="UTF-8"?>
<testng-results skipped="0" failed="0" ignored="0" total="21" passed="21">
  <reporter-output>
  </reporter-output>
  <suite name="Default suite" duration-ms="42451" started-at="2021-07-27T19:24:19 EDT" finished-at="2021-07-27T19:25:01 EDT">
    <groups>
    </groups>
    <test name="Default test" duration-ms="42451" started-at="2021-07-27T19:24:19 EDT" finished-at="2021-07-27T19:25:01 EDT">
      <class name="homeWork.XpathCssTestAssert">
        <test-method status="PASS" signature="setup()[pri:0, instance:homeWork.XpathCssTestAssert@cd2dae5]" name="setup" is-config="true" duration-ms="3299" started-at="2021-07-27T19:24:19 EDT" finished-at="2021-07-27T19:24:22 EDT">
          <reporter-output>
          </reporter-output>
        </test-method> <!-- setup -->
        <test-method status="PASS" signature="openurl()[pri:0, instance:homeWork.XpathCssTestAssert@cd2dae5]" name="openurl" duration-ms="5459" started-at="2021-07-27T19:24:22 EDT" finished-at="2021-07-27T19:24:27 EDT">
          <reporter-output>
          </reporter-output>
        </test-method> <!-- openurl -->
        <test-method status="PASS" signature="signin()[pri:1, instance:homeWork.XpathCssTestAssert@cd2dae5]" name="signin" duration-ms="5796" started-at="2021-07-27T19:24:27 EDT" depends-on-methods="homeWork.XpathCssTestAssert.openurl" finished-at="2021-07-27T19:24:33 EDT">
          <reporter-output>
          </reporter-output>
        </test-method> <!-- signin -->
        <test-method status="PASS" signature="enteremail()[pri:2, instance:homeWork.XpathCssTestAssert@cd2dae5]" name="enteremail" duration-ms="191" started-at="2021-07-27T19:24:33 EDT" finished-at="2021-07-27T19:24:33 EDT">
          <reporter-output>
          </reporter-output>
        </test-method> <!-- enteremail -->
        <test-method status="PASS" signature="clicksubmit()[pri:3, instance:homeWork.XpathCssTestAssert@cd2dae5]" name="clicksubmit" duration-ms="81" started-at="2021-07-27T19:24:33 EDT" depends-on-methods="homeWork.XpathCssTestAssert.enteremail" finished-at="2021-07-27T19:24:34 EDT">
          <reporter-output>
          </reporter-output>
        </test-method> <!-- clicksubmit -->
        <test-method status="PASS" signature="personalinfo()[pri:4, instance:homeWork.XpathCssTestAssert@cd2dae5]" name="personalinfo" duration-ms="4115" started-at="2021-07-27T19:24:34 EDT" depends-on-methods="homeWork.XpathCssTestAssert.clicksubmit" finished-at="2021-07-27T19:24:38 EDT">
          <reporter-output>
          </reporter-output>
        </test-method> <!-- personalinfo -->
        <test-method status="PASS" signature="selectRadio()[pri:5, instance:homeWork.XpathCssTestAssert@cd2dae5]" name="selectRadio" duration-ms="54" started-at="2021-07-27T19:24:38 EDT" finished-at="2021-07-27T19:24:38 EDT">
          <reporter-output>
          </reporter-output>
        </test-method> <!-- selectRadio -->
        <test-method status="PASS" signature="enterFirstName()[pri:6, instance:homeWork.XpathCssTestAssert@cd2dae5]" name="enterFirstName" duration-ms="85" started-at="2021-07-27T19:24:38 EDT" finished-at="2021-07-27T19:24:38 EDT">
          <reporter-output>
          </reporter-output>
        </test-method> <!-- enterFirstName -->
        <test-method status="PASS" signature="enterLastName()[pri:7, instance:homeWork.XpathCssTestAssert@cd2dae5]" name="enterLastName" duration-ms="79" started-at="2021-07-27T19:24:38 EDT" finished-at="2021-07-27T19:24:38 EDT">
          <reporter-output>
          </reporter-output>
        </test-method> <!-- enterLastName -->
        <test-method status="PASS" signature="enterPass()[pri:8, instance:homeWork.XpathCssTestAssert@cd2dae5]" name="enterPass" duration-ms="72" started-at="2021-07-27T19:24:38 EDT" finished-at="2021-07-27T19:24:38 EDT">
          <reporter-output>
          </reporter-output>
        </test-method> <!-- enterPass -->
        <test-method status="PASS" signature="selectdays()[pri:9, instance:homeWork.XpathCssTestAssert@cd2dae5]" name="selectdays" duration-ms="20556" started-at="2021-07-27T19:24:38 EDT" finished-at="2021-07-27T19:24:58 EDT">
          <reporter-output>
          </reporter-output>
        </test-method> <!-- selectdays -->
        <test-method status="PASS" signature="checkNewsLetter()[pri:10, instance:homeWork.XpathCssTestAssert@cd2dae5]" name="checkNewsLetter" duration-ms="290" started-at="2021-07-27T19:24:58 EDT" finished-at="2021-07-27T19:24:59 EDT">
          <reporter-output>
          </reporter-output>
        </test-method> <!-- checkNewsLetter -->
        <test-method status="PASS" signature="checkReceiveSpecial()[pri:11, instance:homeWork.XpathCssTestAssert@cd2dae5]" name="checkReceiveSpecial" duration-ms="62" started-at="2021-07-27T19:24:59 EDT" finished-at="2021-07-27T19:24:59 EDT">
          <reporter-output>
          </reporter-output>
        </test-method> <!-- checkReceiveSpecial -->
        <test-method status="PASS" signature="company()[pri:12, instance:homeWork.XpathCssTestAssert@cd2dae5]" name="company" duration-ms="92" started-at="2021-07-27T19:24:59 EDT" finished-at="2021-07-27T19:24:59 EDT">
          <reporter-output>
          </reporter-output>
        </test-method> <!-- company -->
        <test-method status="PASS" signature="address()[pri:13, instance:homeWork.XpathCssTestAssert@cd2dae5]" name="address" duration-ms="131" started-at="2021-07-27T19:24:59 EDT" finished-at="2021-07-27T19:24:59 EDT">
          <reporter-output>
          </reporter-output>
        </test-method> <!-- address -->
        <test-method status="PASS" signature="city()[pri:14, instance:homeWork.XpathCssTestAssert@cd2dae5]" name="city" duration-ms="84" started-at="2021-07-27T19:24:59 EDT" finished-at="2021-07-27T19:24:59 EDT">
          <reporter-output>
          </reporter-output>
        </test-method> <!-- city -->
        <test-method status="PASS" signature="state()[pri:15, instance:homeWork.XpathCssTestAssert@cd2dae5]" name="state" duration-ms="679" started-at="2021-07-27T19:24:59 EDT" finished-at="2021-07-27T19:25:00 EDT">
          <reporter-output>
          </reporter-output>
        </test-method> <!-- state -->
        <test-method status="PASS" signature="zipcode()[pri:16, instance:homeWork.XpathCssTestAssert@cd2dae5]" name="zipcode" duration-ms="341" started-at="2021-07-27T19:25:00 EDT" finished-at="2021-07-27T19:25:00 EDT">
          <reporter-output>
          </reporter-output>
        </test-method> <!-- zipcode -->
        <test-method status="PASS" signature="country()[pri:17, instance:homeWork.XpathCssTestAssert@cd2dae5]" name="country" duration-ms="141" started-at="2021-07-27T19:25:00 EDT" finished-at="2021-07-27T19:25:00 EDT">
          <reporter-output>
          </reporter-output>
        </test-method> <!-- country -->
        <test-method status="PASS" signature="additionalInfo()[pri:18, instance:homeWork.XpathCssTestAssert@cd2dae5]" name="additionalInfo" duration-ms="338" started-at="2021-07-27T19:25:00 EDT" finished-at="2021-07-27T19:25:01 EDT">
          <reporter-output>
          </reporter-output>
        </test-method> <!-- additionalInfo -->
        <test-method status="PASS" signature="mobilephone()[pri:19, instance:homeWork.XpathCssTestAssert@cd2dae5]" name="mobilephone" duration-ms="145" started-at="2021-07-27T19:25:01 EDT" finished-at="2021-07-27T19:25:01 EDT">
          <reporter-output>
          </reporter-output>
        </test-method> <!-- mobilephone -->
        <test-method status="PASS" signature="assignAddAlias()[pri:20, instance:homeWork.XpathCssTestAssert@cd2dae5]" name="assignAddAlias" duration-ms="141" started-at="2021-07-27T19:25:01 EDT" finished-at="2021-07-27T19:25:01 EDT">
          <reporter-output>
          </reporter-output>
        </test-method> <!-- assignAddAlias -->
        <test-method status="PASS" signature="close()[pri:0, instance:homeWork.XpathCssTestAssert@cd2dae5]" name="close" is-config="true" duration-ms="149" started-at="2021-07-27T19:25:01 EDT" finished-at="2021-07-27T19:25:01 EDT">
          <reporter-output>
          </reporter-output>
        </test-method> <!-- close -->
      </class> <!-- homeWork.XpathCssTestAssert -->
    </test> <!-- Default test -->
  </suite> <!-- Default suite -->
</testng-results>
